<?xml version="1.0" encoding="UTF-8"?>
<!-- Generated by org.testng.reporters.JUnitReportReporter -->
<testsuite hostname="LAPTOP-DENRBFPO" failures="0" tests="1" name="Runner.Runner" time="56.652" errors="0" timestamp="2024-05-05T20:35:53 IST" skipped="0">
  <testcase classname="Runner.Runner" name="runScenario" time="56.652"/>
  <system-out>
    <![CDATA[Login
Logout]]>
  </system-out>
</testsuite> <!-- Runner.Runner -->
