<?xml version="1.0" encoding="UTF-8"?>
<!-- Generated by org.testng.reporters.JUnitReportReporter -->
<testsuite hostname="LAPTOP-DENRBFPO" failures="0" tests="1" name="Runner.Runner" time="10.982" errors="0" timestamp="2024-05-05T21:32:45 IST" skipped="0">
  <testcase classname="Runner.Runner" name="runScenario" time="10.982"/>
  <system-out>
    <![CDATA[Login
Logout]]>
  </system-out>
</testsuite> <!-- Runner.Runner -->
