<?xml version="1.0" encoding="UTF-8"?>
<!-- Generated by org.testng.reporters.JUnitReportReporter -->
<testsuite hostname="LAPTOP-DENRBFPO" failures="0" tests="1" name="com.New_Framework.testscript.CampaignModule" time="10.720" errors="0" timestamp="2024-05-05T19:12:05 IST" skipped="0">
  <testcase classname="com.New_Framework.testscript.CampaignModule" name="CreateCampaign" time="10.720"/>
  <system-out/>
</testsuite> <!-- com.New_Framework.testscript.CampaignModule -->
